<component name="libraryTable">
  <library name="junit-jupiter-api-5.5.2">
    <CLASSES>
      <root url="jar://D:/jaråŒ…/junit-jupiter-api-5.5.2.jar!/" />
    </CLASSES>
    <JAVADOC />
    <SOURCES />
  </library>
</component>